-------------------------------------------------------------------------------
Test set: com.sancreton.blogs.projects.adminconsole.user.service.UserServiceTest
-------------------------------------------------------------------------------
Tests run: 5, Failures: 0, Errors: 4, Skipped: 0, Time elapsed: 0.006 sec <<< FAILURE! - in com.sancreton.blogs.projects.adminconsole.user.service.UserServiceTest
testGetRoles(com.sancreton.blogs.projects.adminconsole.user.service.UserServiceTest)  Time elapsed: 0 sec  <<< ERROR!
java.lang.NullPointerException: null
	at com.sancreton.blogs.projects.adminconsole.user.service.UserServiceTest.testGetRoles(UserServiceTest.java:42)

testGetUsers(com.sancreton.blogs.projects.adminconsole.user.service.UserServiceTest)  Time elapsed: 0 sec  <<< ERROR!
java.lang.NullPointerException: null
	at com.sancreton.blogs.projects.adminconsole.user.service.UserServiceTest.testGetUsers(UserServiceTest.java:71)

testUpdateUser(com.sancreton.blogs.projects.adminconsole.user.service.UserServiceTest)  Time elapsed: 0 sec  <<< ERROR!
java.lang.NullPointerException: null
	at com.sancreton.blogs.projects.adminconsole.user.service.UserServiceTest.testUpdateUser(UserServiceTest.java:48)

createOrUpdateUser(com.sancreton.blogs.projects.adminconsole.user.service.UserServiceTest)  Time elapsed: 0 sec  <<< ERROR!
java.lang.NullPointerException: null
	at com.sancreton.blogs.projects.adminconsole.user.service.UserServiceTest.prepareUser(UserServiceTest.java:95)
	at com.sancreton.blogs.projects.adminconsole.user.service.UserServiceTest.createOrUpdateUser(UserServiceTest.java:30)

