<?xml version="1.0" encoding="UTF-8"?>
<testsuite name="com.sancreton.blogs.projects.adminconsole.user.service.UserServiceTest" time="0.003" tests="5" errors="4" skipped="0" failures="0">
  <properties>
[...]
</properties>
  <testcase name="testGetRoles" classname="com.sancreton.blogs.projects.adminconsole.user.service.UserServiceTest" time="0">
    <error type="java.lang.NullPointerException:">java.lang.NullPointerException: null
	at com.sancreton.blogs.projects.adminconsole.user.service.UserServiceTest.testGetRoles(UserServiceTest.java:42)
</error>
    <system-out><![CDATA[22:13:21.470 [main] DEBUG org.springframework.test.context.support.DirtiesContextTestExecutionListener - After test class: context [[TestContext@1d29cf23 testClass = OnOffBoardServiceTest, testInstance = [null], testMethod = [null], testException = [null], mergedContextConfiguration = [MergedContextConfiguration@71bbf57e testClass = OnOffBoardServiceTest, locations = '{classpath:applicationContext_Test.xml}', classes = '{}', contextInitializerClasses = '[]', activeProfiles = '{}', contextLoader = 'org.springframework.test.context.support.DelegatingSmartContextLoader', parent = [null]]]], dirtiesContext [false].
]]></system-out>
  </testcase>
  <testcase name="testGetUsers" classname="com.sancreton.blogs.projects.adminconsole.user.service.UserServiceTest" time="0">
    <error type="java.lang.NullPointerException:">java.lang.NullPointerException: null
	at com.sancreton.blogs.projects.adminconsole.user.service.UserServiceTest.testGetUsers(UserServiceTest.java:71)
</error>
  </testcase>
  <testcase name="testUpdateUser" classname="com.sancreton.blogs.projects.adminconsole.user.service.UserServiceTest" time="0">
    <error type="java.lang.NullPointerException:">java.lang.NullPointerException: null
	at com.sancreton.blogs.projects.adminconsole.user.service.UserServiceTest.testUpdateUser(UserServiceTest.java:48)
</error>
  </testcase>
  <testcase name="encodePassword" classname="com.sancreton.blogs.projects.adminconsole.user.service.UserServiceTest" time="0.003"/>
  <testcase name="createOrUpdateUser" classname="com.sancreton.blogs.projects.adminconsole.user.service.UserServiceTest" time="0">
    <error type="java.lang.NullPointerException:">java.lang.NullPointerException: null
	at com.sancreton.blogs.projects.adminconsole.user.service.UserServiceTest.prepareUser(UserServiceTest.java:95)
	at com.sancreton.blogs.projects.adminconsole.user.service.UserServiceTest.createOrUpdateUser(UserServiceTest.java:30)
</error>
  </testcase>
</testsuite>